WARN  [main] portico.lrc: MOM support is currently unsupported in IEEE-1516e federations.
ERROR [main] portico.lrc: org.portico.lrc.compat.JCouldNotOpenFED: Error opening fed file from [file:/C:/Users/Arthur%20Valadares/Copy/Projects/UrbanSim/MobdatRTI/SocialFederate/fom/Sumo.xml]: C:\Users\Arthur Valadares\Copy\Projects\UrbanSim\MobdatRTI\SocialFederate\fom\Sumo.xml (The system cannot find the file specified)
WARN  [main] portico.lrc: MOM support is currently unsupported in IEEE-1516e federations.
ERROR [main] portico.lrc: org.portico.lrc.compat.JCouldNotOpenFED: Error opening fed file from [file:/C:/Users/Arthur%20Valadares/Copy/Projects/UrbanSim/MobdatRTI/SocialFederate/fom/Social.xml]: C:\Users\Arthur Valadares\Copy\Projects\UrbanSim\MobdatRTI\SocialFederate\fom\Social.xml (The system cannot find the file specified)
WARN  [main] portico.lrc: MOM support is currently unsupported in IEEE-1516e federations.
WARN  [main] portico.lrc: MOM support is currently unsupported in IEEE-1516e federations.
ERROR [main] portico.lrc.jgroups: FAILURE createFederation: already exists, name=UrbanSimFederation
ERROR [main] portico.lrc: org.portico.lrc.compat.JFederationExecutionAlreadyExists: federation exists: UrbanSimFederation
ERROR [main] portico.lrc: org.portico.lrc.compat.JFederateAlreadyExecutionMember: federate name in use: SocialFederate
WARN  [VERIFY_SUSPECT.TimerThread,UrbanSimFederation,avaladar-23587] portico.lrc.jgroups: Detected that federate [1] may have crashed, investigating...
WARN  [main] portico.lrc: MOM support is currently unsupported in IEEE-1516e federations.
ERROR [main] portico.lrc.jgroups: FAILURE createFederation: already exists, name=UrbanSimFederation
ERROR [main] portico.lrc: org.portico.lrc.compat.JFederationExecutionAlreadyExists: federation exists: UrbanSimFederation
ERROR [main] portico.lrc: org.portico.lrc.compat.JFederateAlreadyExecutionMember: federate name in use: SocialFederate
WARN  [main] portico.lrc: MOM support is currently unsupported in IEEE-1516e federations.
WARN  [VERIFY_SUSPECT.TimerThread,UrbanSimFederation,avaladar-37002] portico.lrc.jgroups: Detected that federate [1] may have crashed, investigating...
WARN  [main] portico.lrc: MOM support is currently unsupported in IEEE-1516e federations.
ERROR [main] portico.lrc.jgroups: FAILURE createFederation: already exists, name=UrbanSimFederation
ERROR [main] portico.lrc: org.portico.lrc.compat.JFederationExecutionAlreadyExists: federation exists: UrbanSimFederation
ERROR [main] portico.lrc: FAILURE Regiser sync point [ReadyToRun] by [SocialFederate]: already registered
ERROR [main] portico.lrc: FAILURE Register sync point [ReadyToRun] by [SocialFederate]: label already registered
WARN  [VERIFY_SUSPECT.TimerThread,UrbanSimFederation,avaladar-43107] portico.lrc.jgroups: Detected that federate [1] may have crashed, investigating...
WARN  [VERIFY_SUSPECT.TimerThread,UrbanSimFederation,avaladar-43107] portico.lrc.jgroups: Detected that federate [1] may have crashed, investigating...
WARN  [main] portico.lrc: MOM support is currently unsupported in IEEE-1516e federations.
ERROR [main] portico.lrc: org.portico.lrc.compat.JObjectClassNotPublished: class [740] not published by [SocialFederate]
WARN  [main] portico.lrc: MOM support is currently unsupported in IEEE-1516e federations.
ERROR [main] portico.lrc.jgroups: FAILURE createFederation: already exists, name=UrbanSimFederation
ERROR [main] portico.lrc: org.portico.lrc.compat.JFederationExecutionAlreadyExists: federation exists: UrbanSimFederation
ERROR [main] portico.lrc: org.portico.lrc.compat.JFederateAlreadyExecutionMember: federate name in use: SocialFederate
WARN  [main] portico.lrc: MOM support is currently unsupported in IEEE-1516e federations.
ERROR [main] portico.lrc.jgroups: FAILURE createFederation: already exists, name=UrbanSimFederation
ERROR [main] portico.lrc: org.portico.lrc.compat.JFederationExecutionAlreadyExists: federation exists: UrbanSimFederation
ERROR [main] portico.lrc: FAILURE Regiser sync point [ReadyToRun] by [SocialFederate]: already registered
ERROR [main] portico.lrc: FAILURE Register sync point [ReadyToRun] by [SocialFederate]: label already registered
WARN  [main] portico.lrc: MOM support is currently unsupported in IEEE-1516e federations.
ERROR [main] portico.lrc.jgroups: FAILURE createFederation: already exists, name=UrbanSimFederation
ERROR [main] portico.lrc: org.portico.lrc.compat.JFederationExecutionAlreadyExists: federation exists: UrbanSimFederation
ERROR [main] portico.lrc: FAILURE Regiser sync point [ReadyToRun] by [SocialFederate]: already registered
ERROR [main] portico.lrc: FAILURE Register sync point [ReadyToRun] by [SocialFederate]: label already registered
WARN  [main] portico.lrc: MOM support is currently unsupported in IEEE-1516e federations.
ERROR [main] portico.lrc.jgroups: FAILURE createFederation: already exists, name=UrbanSimFederation
ERROR [main] portico.lrc: org.portico.lrc.compat.JFederationExecutionAlreadyExists: federation exists: UrbanSimFederation
WARN  [main] portico.lrc: MOM support is currently unsupported in IEEE-1516e federations.
WARN  [main] portico.lrc: MOM support is currently unsupported in IEEE-1516e federations.
ERROR [Thread-0] portico.lrc: FAILURE Exception encountered while processing incoming message: null
java.lang.NullPointerException
	at urbansim.social.SocialFederateAmbassador.reflectAttributeValues(SocialFederateAmbassador.java:167)
	at urbansim.social.SocialFederateAmbassador.reflectAttributeValues(SocialFederateAmbassador.java:139)
	at org.portico.impl.hla1516e.handlers.ReflectAttributesCallbackHandler.process(ReflectAttributesCallbackHandler.java:102)
	at org.portico.utils.messaging.MessageChain.process(MessageChain.java:78)
	at org.portico.utils.messaging.MessageSink.process(MessageSink.java:187)
	at org.portico.lrc.LRC.tickProcess(LRC.java:678)
	at org.portico.lrc.LRC.access$200(LRC.java:106)
	at org.portico.lrc.LRC$ImmediateCallbackDispatcher.run(LRC.java:818)
ERROR [Thread-0] portico.lrc: FAILURE Exception encountered while processing incoming message: null
java.lang.NullPointerException
	at urbansim.social.SocialFederateAmbassador.reflectAttributeValues(SocialFederateAmbassador.java:167)
	at urbansim.social.SocialFederateAmbassador.reflectAttributeValues(SocialFederateAmbassador.java:139)
	at org.portico.impl.hla1516e.handlers.ReflectAttributesCallbackHandler.process(ReflectAttributesCallbackHandler.java:102)
	at org.portico.utils.messaging.MessageChain.process(MessageChain.java:78)
	at org.portico.utils.messaging.MessageSink.process(MessageSink.java:187)
	at org.portico.lrc.LRC.tickProcess(LRC.java:678)
	at org.portico.lrc.LRC.access$200(LRC.java:106)
	at org.portico.lrc.LRC$ImmediateCallbackDispatcher.run(LRC.java:818)
ERROR [Thread-0] portico.lrc: FAILURE Exception encountered while processing incoming message: null
java.lang.NullPointerException
	at urbansim.social.SocialFederateAmbassador.reflectAttributeValues(SocialFederateAmbassador.java:167)
	at urbansim.social.SocialFederateAmbassador.reflectAttributeValues(SocialFederateAmbassador.java:139)
	at org.portico.impl.hla1516e.handlers.ReflectAttributesCallbackHandler.process(ReflectAttributesCallbackHandler.java:102)
	at org.portico.utils.messaging.MessageChain.process(MessageChain.java:78)
	at org.portico.utils.messaging.MessageSink.process(MessageSink.java:187)
	at org.portico.lrc.LRC.tickProcess(LRC.java:678)
	at org.portico.lrc.LRC.access$200(LRC.java:106)
	at org.portico.lrc.LRC$ImmediateCallbackDispatcher.run(LRC.java:818)
ERROR [Thread-0] portico.lrc: FAILURE Exception encountered while processing incoming message: null
java.lang.NullPointerException
	at urbansim.social.SocialFederateAmbassador.reflectAttributeValues(SocialFederateAmbassador.java:167)
	at urbansim.social.SocialFederateAmbassador.reflectAttributeValues(SocialFederateAmbassador.java:139)
	at org.portico.impl.hla1516e.handlers.ReflectAttributesCallbackHandler.process(ReflectAttributesCallbackHandler.java:102)
	at org.portico.utils.messaging.MessageChain.process(MessageChain.java:78)
	at org.portico.utils.messaging.MessageSink.process(MessageSink.java:187)
	at org.portico.lrc.LRC.tickProcess(LRC.java:678)
	at org.portico.lrc.LRC.access$200(LRC.java:106)
	at org.portico.lrc.LRC$ImmediateCallbackDispatcher.run(LRC.java:818)
ERROR [Thread-0] portico.lrc: FAILURE Exception encountered while processing incoming message: null
java.lang.NullPointerException
	at urbansim.social.SocialFederateAmbassador.reflectAttributeValues(SocialFederateAmbassador.java:167)
	at urbansim.social.SocialFederateAmbassador.reflectAttributeValues(SocialFederateAmbassador.java:139)
	at org.portico.impl.hla1516e.handlers.ReflectAttributesCallbackHandler.process(ReflectAttributesCallbackHandler.java:102)
	at org.portico.utils.messaging.MessageChain.process(MessageChain.java:78)
	at org.portico.utils.messaging.MessageSink.process(MessageSink.java:187)
	at org.portico.lrc.LRC.tickProcess(LRC.java:678)
	at org.portico.lrc.LRC.access$200(LRC.java:106)
	at org.portico.lrc.LRC$ImmediateCallbackDispatcher.run(LRC.java:818)
ERROR [Thread-0] portico.lrc: FAILURE Exception encountered while processing incoming message: null
java.lang.NullPointerException
	at urbansim.social.SocialFederateAmbassador.reflectAttributeValues(SocialFederateAmbassador.java:167)
	at urbansim.social.SocialFederateAmbassador.reflectAttributeValues(SocialFederateAmbassador.java:139)
	at org.portico.impl.hla1516e.handlers.ReflectAttributesCallbackHandler.process(ReflectAttributesCallbackHandler.java:102)
	at org.portico.utils.messaging.MessageChain.process(MessageChain.java:78)
	at org.portico.utils.messaging.MessageSink.process(MessageSink.java:187)
	at org.portico.lrc.LRC.tickProcess(LRC.java:678)
	at org.portico.lrc.LRC.access$200(LRC.java:106)
	at org.portico.lrc.LRC$ImmediateCallbackDispatcher.run(LRC.java:818)
ERROR [Thread-0] portico.lrc: FAILURE Exception encountered while processing incoming message: null
java.lang.NullPointerException
	at urbansim.social.SocialFederateAmbassador.reflectAttributeValues(SocialFederateAmbassador.java:167)
	at urbansim.social.SocialFederateAmbassador.reflectAttributeValues(SocialFederateAmbassador.java:139)
	at org.portico.impl.hla1516e.handlers.ReflectAttributesCallbackHandler.process(ReflectAttributesCallbackHandler.java:102)
	at org.portico.utils.messaging.MessageChain.process(MessageChain.java:78)
	at org.portico.utils.messaging.MessageSink.process(MessageSink.java:187)
	at org.portico.lrc.LRC.tickProcess(LRC.java:678)
	at org.portico.lrc.LRC.access$200(LRC.java:106)
	at org.portico.lrc.LRC$ImmediateCallbackDispatcher.run(LRC.java:818)
ERROR [Thread-0] portico.lrc: FAILURE Exception encountered while processing incoming message: null
java.lang.NullPointerException
	at urbansim.social.SocialFederateAmbassador.reflectAttributeValues(SocialFederateAmbassador.java:167)
	at urbansim.social.SocialFederateAmbassador.reflectAttributeValues(SocialFederateAmbassador.java:139)
	at org.portico.impl.hla1516e.handlers.ReflectAttributesCallbackHandler.process(ReflectAttributesCallbackHandler.java:102)
	at org.portico.utils.messaging.MessageChain.process(MessageChain.java:78)
	at org.portico.utils.messaging.MessageSink.process(MessageSink.java:187)
	at org.portico.lrc.LRC.tickProcess(LRC.java:678)
	at org.portico.lrc.LRC.access$200(LRC.java:106)
	at org.portico.lrc.LRC$ImmediateCallbackDispatcher.run(LRC.java:818)
ERROR [Thread-0] portico.lrc: FAILURE Exception encountered while processing incoming message: null
java.lang.NullPointerException
	at urbansim.social.SocialFederateAmbassador.reflectAttributeValues(SocialFederateAmbassador.java:167)
	at urbansim.social.SocialFederateAmbassador.reflectAttributeValues(SocialFederateAmbassador.java:139)
	at org.portico.impl.hla1516e.handlers.ReflectAttributesCallbackHandler.process(ReflectAttributesCallbackHandler.java:102)
	at org.portico.utils.messaging.MessageChain.process(MessageChain.java:78)
	at org.portico.utils.messaging.MessageSink.process(MessageSink.java:187)
	at org.portico.lrc.LRC.tickProcess(LRC.java:678)
	at org.portico.lrc.LRC.access$200(LRC.java:106)
	at org.portico.lrc.LRC$ImmediateCallbackDispatcher.run(LRC.java:818)
ERROR [Thread-0] portico.lrc: FAILURE Exception encountered while processing incoming message: null
java.lang.NullPointerException
	at urbansim.social.SocialFederateAmbassador.reflectAttributeValues(SocialFederateAmbassador.java:167)
	at urbansim.social.SocialFederateAmbassador.reflectAttributeValues(SocialFederateAmbassador.java:139)
	at org.portico.impl.hla1516e.handlers.ReflectAttributesCallbackHandler.process(ReflectAttributesCallbackHandler.java:102)
	at org.portico.utils.messaging.MessageChain.process(MessageChain.java:78)
	at org.portico.utils.messaging.MessageSink.process(MessageSink.java:187)
	at org.portico.lrc.LRC.tickProcess(LRC.java:678)
	at org.portico.lrc.LRC.access$200(LRC.java:106)
	at org.portico.lrc.LRC$ImmediateCallbackDispatcher.run(LRC.java:818)
ERROR [Thread-0] portico.lrc: FAILURE Exception encountered while processing incoming message: null
java.lang.NullPointerException
	at urbansim.social.SocialFederateAmbassador.reflectAttributeValues(SocialFederateAmbassador.java:167)
	at urbansim.social.SocialFederateAmbassador.reflectAttributeValues(SocialFederateAmbassador.java:139)
	at org.portico.impl.hla1516e.handlers.ReflectAttributesCallbackHandler.process(ReflectAttributesCallbackHandler.java:102)
	at org.portico.utils.messaging.MessageChain.process(MessageChain.java:78)
	at org.portico.utils.messaging.MessageSink.process(MessageSink.java:187)
	at org.portico.lrc.LRC.tickProcess(LRC.java:678)
	at org.portico.lrc.LRC.access$200(LRC.java:106)
	at org.portico.lrc.LRC$ImmediateCallbackDispatcher.run(LRC.java:818)
ERROR [Thread-0] portico.lrc: FAILURE Exception encountered while processing incoming message: null
java.lang.NullPointerException
	at urbansim.social.SocialFederateAmbassador.reflectAttributeValues(SocialFederateAmbassador.java:167)
	at urbansim.social.SocialFederateAmbassador.reflectAttributeValues(SocialFederateAmbassador.java:139)
	at org.portico.impl.hla1516e.handlers.ReflectAttributesCallbackHandler.process(ReflectAttributesCallbackHandler.java:102)
	at org.portico.utils.messaging.MessageChain.process(MessageChain.java:78)
	at org.portico.utils.messaging.MessageSink.process(MessageSink.java:187)
	at org.portico.lrc.LRC.tickProcess(LRC.java:678)
	at org.portico.lrc.LRC.access$200(LRC.java:106)
	at org.portico.lrc.LRC$ImmediateCallbackDispatcher.run(LRC.java:818)
ERROR [Thread-0] portico.lrc: FAILURE Exception encountered while processing incoming message: null
java.lang.NullPointerException
	at urbansim.social.SocialFederateAmbassador.reflectAttributeValues(SocialFederateAmbassador.java:167)
	at urbansim.social.SocialFederateAmbassador.reflectAttributeValues(SocialFederateAmbassador.java:139)
	at org.portico.impl.hla1516e.handlers.ReflectAttributesCallbackHandler.process(ReflectAttributesCallbackHandler.java:102)
	at org.portico.utils.messaging.MessageChain.process(MessageChain.java:78)
	at org.portico.utils.messaging.MessageSink.process(MessageSink.java:187)
	at org.portico.lrc.LRC.tickProcess(LRC.java:678)
	at org.portico.lrc.LRC.access$200(LRC.java:106)
	at org.portico.lrc.LRC$ImmediateCallbackDispatcher.run(LRC.java:818)
ERROR [Thread-0] portico.lrc: FAILURE Exception encountered while processing incoming message: null
java.lang.NullPointerException
	at urbansim.social.SocialFederateAmbassador.reflectAttributeValues(SocialFederateAmbassador.java:167)
	at urbansim.social.SocialFederateAmbassador.reflectAttributeValues(SocialFederateAmbassador.java:139)
	at org.portico.impl.hla1516e.handlers.ReflectAttributesCallbackHandler.process(ReflectAttributesCallbackHandler.java:102)
	at org.portico.utils.messaging.MessageChain.process(MessageChain.java:78)
	at org.portico.utils.messaging.MessageSink.process(MessageSink.java:187)
	at org.portico.lrc.LRC.tickProcess(LRC.java:678)
	at org.portico.lrc.LRC.access$200(LRC.java:106)
	at org.portico.lrc.LRC$ImmediateCallbackDispatcher.run(LRC.java:818)
ERROR [Thread-0] portico.lrc: FAILURE Exception encountered while processing incoming message: null
java.lang.NullPointerException
	at urbansim.social.SocialFederateAmbassador.reflectAttributeValues(SocialFederateAmbassador.java:167)
	at urbansim.social.SocialFederateAmbassador.reflectAttributeValues(SocialFederateAmbassador.java:139)
	at org.portico.impl.hla1516e.handlers.ReflectAttributesCallbackHandler.process(ReflectAttributesCallbackHandler.java:102)
	at org.portico.utils.messaging.MessageChain.process(MessageChain.java:78)
	at org.portico.utils.messaging.MessageSink.process(MessageSink.java:187)
	at org.portico.lrc.LRC.tickProcess(LRC.java:678)
	at org.portico.lrc.LRC.access$200(LRC.java:106)
	at org.portico.lrc.LRC$ImmediateCallbackDispatcher.run(LRC.java:818)
ERROR [Thread-0] portico.lrc: FAILURE Exception encountered while processing incoming message: null
java.lang.NullPointerException
	at urbansim.social.SocialFederateAmbassador.reflectAttributeValues(SocialFederateAmbassador.java:167)
	at urbansim.social.SocialFederateAmbassador.reflectAttributeValues(SocialFederateAmbassador.java:139)
	at org.portico.impl.hla1516e.handlers.ReflectAttributesCallbackHandler.process(ReflectAttributesCallbackHandler.java:102)
	at org.portico.utils.messaging.MessageChain.process(MessageChain.java:78)
	at org.portico.utils.messaging.MessageSink.process(MessageSink.java:187)
	at org.portico.lrc.LRC.tickProcess(LRC.java:678)
	at org.portico.lrc.LRC.access$200(LRC.java:106)
	at org.portico.lrc.LRC$ImmediateCallbackDispatcher.run(LRC.java:818)
ERROR [Thread-0] portico.lrc: FAILURE Exception encountered while processing incoming message: null
java.lang.NullPointerException
	at urbansim.social.SocialFederateAmbassador.reflectAttributeValues(SocialFederateAmbassador.java:167)
	at urbansim.social.SocialFederateAmbassador.reflectAttributeValues(SocialFederateAmbassador.java:139)
	at org.portico.impl.hla1516e.handlers.ReflectAttributesCallbackHandler.process(ReflectAttributesCallbackHandler.java:102)
	at org.portico.utils.messaging.MessageChain.process(MessageChain.java:78)
	at org.portico.utils.messaging.MessageSink.process(MessageSink.java:187)
	at org.portico.lrc.LRC.tickProcess(LRC.java:678)
	at org.portico.lrc.LRC.access$200(LRC.java:106)
	at org.portico.lrc.LRC$ImmediateCallbackDispatcher.run(LRC.java:818)
ERROR [Thread-0] portico.lrc: FAILURE Exception encountered while processing incoming message: null
java.lang.NullPointerException
	at urbansim.social.SocialFederateAmbassador.reflectAttributeValues(SocialFederateAmbassador.java:167)
	at urbansim.social.SocialFederateAmbassador.reflectAttributeValues(SocialFederateAmbassador.java:139)
	at org.portico.impl.hla1516e.handlers.ReflectAttributesCallbackHandler.process(ReflectAttributesCallbackHandler.java:102)
	at org.portico.utils.messaging.MessageChain.process(MessageChain.java:78)
	at org.portico.utils.messaging.MessageSink.process(MessageSink.java:187)
	at org.portico.lrc.LRC.tickProcess(LRC.java:678)
	at org.portico.lrc.LRC.access$200(LRC.java:106)
	at org.portico.lrc.LRC$ImmediateCallbackDispatcher.run(LRC.java:818)
ERROR [Thread-0] portico.lrc: FAILURE Exception encountered while processing incoming message: null
java.lang.NullPointerException
	at urbansim.social.SocialFederateAmbassador.reflectAttributeValues(SocialFederateAmbassador.java:167)
	at urbansim.social.SocialFederateAmbassador.reflectAttributeValues(SocialFederateAmbassador.java:139)
	at org.portico.impl.hla1516e.handlers.ReflectAttributesCallbackHandler.process(ReflectAttributesCallbackHandler.java:102)
	at org.portico.utils.messaging.MessageChain.process(MessageChain.java:78)
	at org.portico.utils.messaging.MessageSink.process(MessageSink.java:187)
	at org.portico.lrc.LRC.tickProcess(LRC.java:678)
	at org.portico.lrc.LRC.access$200(LRC.java:106)
	at org.portico.lrc.LRC$ImmediateCallbackDispatcher.run(LRC.java:818)
ERROR [Thread-0] portico.lrc: FAILURE Exception encountered while processing incoming message: null
java.lang.NullPointerException
	at urbansim.social.SocialFederateAmbassador.reflectAttributeValues(SocialFederateAmbassador.java:167)
	at urbansim.social.SocialFederateAmbassador.reflectAttributeValues(SocialFederateAmbassador.java:139)
	at org.portico.impl.hla1516e.handlers.ReflectAttributesCallbackHandler.process(ReflectAttributesCallbackHandler.java:102)
	at org.portico.utils.messaging.MessageChain.process(MessageChain.java:78)
	at org.portico.utils.messaging.MessageSink.process(MessageSink.java:187)
	at org.portico.lrc.LRC.tickProcess(LRC.java:678)
	at org.portico.lrc.LRC.access$200(LRC.java:106)
	at org.portico.lrc.LRC$ImmediateCallbackDispatcher.run(LRC.java:818)
ERROR [Thread-0] portico.lrc: FAILURE Exception encountered while processing incoming message: null
java.lang.NullPointerException
	at urbansim.social.SocialFederateAmbassador.reflectAttributeValues(SocialFederateAmbassador.java:167)
	at urbansim.social.SocialFederateAmbassador.reflectAttributeValues(SocialFederateAmbassador.java:139)
	at org.portico.impl.hla1516e.handlers.ReflectAttributesCallbackHandler.process(ReflectAttributesCallbackHandler.java:102)
	at org.portico.utils.messaging.MessageChain.process(MessageChain.java:78)
	at org.portico.utils.messaging.MessageSink.process(MessageSink.java:187)
	at org.portico.lrc.LRC.tickProcess(LRC.java:678)
	at org.portico.lrc.LRC.access$200(LRC.java:106)
	at org.portico.lrc.LRC$ImmediateCallbackDispatcher.run(LRC.java:818)
ERROR [Thread-0] portico.lrc: FAILURE Exception encountered while processing incoming message: null
java.lang.NullPointerException
	at urbansim.social.SocialFederateAmbassador.reflectAttributeValues(SocialFederateAmbassador.java:167)
	at urbansim.social.SocialFederateAmbassador.reflectAttributeValues(SocialFederateAmbassador.java:139)
	at org.portico.impl.hla1516e.handlers.ReflectAttributesCallbackHandler.process(ReflectAttributesCallbackHandler.java:102)
	at org.portico.utils.messaging.MessageChain.process(MessageChain.java:78)
	at org.portico.utils.messaging.MessageSink.process(MessageSink.java:187)
	at org.portico.lrc.LRC.tickProcess(LRC.java:678)
	at org.portico.lrc.LRC.access$200(LRC.java:106)
	at org.portico.lrc.LRC$ImmediateCallbackDispatcher.run(LRC.java:818)
ERROR [Thread-0] portico.lrc: FAILURE Exception encountered while processing incoming message: null
java.lang.NullPointerException
	at urbansim.social.SocialFederateAmbassador.reflectAttributeValues(SocialFederateAmbassador.java:167)
	at urbansim.social.SocialFederateAmbassador.reflectAttributeValues(SocialFederateAmbassador.java:139)
	at org.portico.impl.hla1516e.handlers.ReflectAttributesCallbackHandler.process(ReflectAttributesCallbackHandler.java:102)
	at org.portico.utils.messaging.MessageChain.process(MessageChain.java:78)
	at org.portico.utils.messaging.MessageSink.process(MessageSink.java:187)
	at org.portico.lrc.LRC.tickProcess(LRC.java:678)
	at org.portico.lrc.LRC.access$200(LRC.java:106)
	at org.portico.lrc.LRC$ImmediateCallbackDispatcher.run(LRC.java:818)
ERROR [Thread-0] portico.lrc: FAILURE Exception encountered while processing incoming message: null
java.lang.NullPointerException
	at urbansim.social.SocialFederateAmbassador.reflectAttributeValues(SocialFederateAmbassador.java:167)
	at urbansim.social.SocialFederateAmbassador.reflectAttributeValues(SocialFederateAmbassador.java:139)
	at org.portico.impl.hla1516e.handlers.ReflectAttributesCallbackHandler.process(ReflectAttributesCallbackHandler.java:102)
	at org.portico.utils.messaging.MessageChain.process(MessageChain.java:78)
	at org.portico.utils.messaging.MessageSink.process(MessageSink.java:187)
	at org.portico.lrc.LRC.tickProcess(LRC.java:678)
	at org.portico.lrc.LRC.access$200(LRC.java:106)
	at org.portico.lrc.LRC$ImmediateCallbackDispatcher.run(LRC.java:818)
ERROR [Thread-0] portico.lrc: FAILURE Exception encountered while processing incoming message: null
java.lang.NullPointerException
	at urbansim.social.SocialFederateAmbassador.reflectAttributeValues(SocialFederateAmbassador.java:167)
	at urbansim.social.SocialFederateAmbassador.reflectAttributeValues(SocialFederateAmbassador.java:139)
	at org.portico.impl.hla1516e.handlers.ReflectAttributesCallbackHandler.process(ReflectAttributesCallbackHandler.java:102)
	at org.portico.utils.messaging.MessageChain.process(MessageChain.java:78)
	at org.portico.utils.messaging.MessageSink.process(MessageSink.java:187)
	at org.portico.lrc.LRC.tickProcess(LRC.java:678)
	at org.portico.lrc.LRC.access$200(LRC.java:106)
	at org.portico.lrc.LRC$ImmediateCallbackDispatcher.run(LRC.java:818)
ERROR [Thread-0] portico.lrc: FAILURE Exception encountered while processing incoming message: null
java.lang.NullPointerException
	at urbansim.social.SocialFederateAmbassador.reflectAttributeValues(SocialFederateAmbassador.java:167)
	at urbansim.social.SocialFederateAmbassador.reflectAttributeValues(SocialFederateAmbassador.java:139)
	at org.portico.impl.hla1516e.handlers.ReflectAttributesCallbackHandler.process(ReflectAttributesCallbackHandler.java:102)
	at org.portico.utils.messaging.MessageChain.process(MessageChain.java:78)
	at org.portico.utils.messaging.MessageSink.process(MessageSink.java:187)
	at org.portico.lrc.LRC.tickProcess(LRC.java:678)
	at org.portico.lrc.LRC.access$200(LRC.java:106)
	at org.portico.lrc.LRC$ImmediateCallbackDispatcher.run(LRC.java:818)
ERROR [Thread-0] portico.lrc: FAILURE Exception encountered while processing incoming message: null
java.lang.NullPointerException
	at urbansim.social.SocialFederateAmbassador.reflectAttributeValues(SocialFederateAmbassador.java:167)
	at urbansim.social.SocialFederateAmbassador.reflectAttributeValues(SocialFederateAmbassador.java:139)
	at org.portico.impl.hla1516e.handlers.ReflectAttributesCallbackHandler.process(ReflectAttributesCallbackHandler.java:102)
	at org.portico.utils.messaging.MessageChain.process(MessageChain.java:78)
	at org.portico.utils.messaging.MessageSink.process(MessageSink.java:187)
	at org.portico.lrc.LRC.tickProcess(LRC.java:678)
	at org.portico.lrc.LRC.access$200(LRC.java:106)
	at org.portico.lrc.LRC$ImmediateCallbackDispatcher.run(LRC.java:818)
ERROR [Thread-0] portico.lrc: FAILURE Exception encountered while processing incoming message: null
java.lang.NullPointerException
	at urbansim.social.SocialFederateAmbassador.reflectAttributeValues(SocialFederateAmbassador.java:167)
	at urbansim.social.SocialFederateAmbassador.reflectAttributeValues(SocialFederateAmbassador.java:139)
	at org.portico.impl.hla1516e.handlers.ReflectAttributesCallbackHandler.process(ReflectAttributesCallbackHandler.java:102)
	at org.portico.utils.messaging.MessageChain.process(MessageChain.java:78)
	at org.portico.utils.messaging.MessageSink.process(MessageSink.java:187)
	at org.portico.lrc.LRC.tickProcess(LRC.java:678)
	at org.portico.lrc.LRC.access$200(LRC.java:106)
	at org.portico.lrc.LRC$ImmediateCallbackDispatcher.run(LRC.java:818)
ERROR [Thread-0] portico.lrc: FAILURE Exception encountered while processing incoming message: null
java.lang.NullPointerException
	at urbansim.social.SocialFederateAmbassador.reflectAttributeValues(SocialFederateAmbassador.java:167)
	at urbansim.social.SocialFederateAmbassador.reflectAttributeValues(SocialFederateAmbassador.java:139)
	at org.portico.impl.hla1516e.handlers.ReflectAttributesCallbackHandler.process(ReflectAttributesCallbackHandler.java:102)
	at org.portico.utils.messaging.MessageChain.process(MessageChain.java:78)
	at org.portico.utils.messaging.MessageSink.process(MessageSink.java:187)
	at org.portico.lrc.LRC.tickProcess(LRC.java:678)
	at org.portico.lrc.LRC.access$200(LRC.java:106)
	at org.portico.lrc.LRC$ImmediateCallbackDispatcher.run(LRC.java:818)
ERROR [Thread-0] portico.lrc: FAILURE Exception encountered while processing incoming message: null
java.lang.NullPointerException
	at urbansim.social.SocialFederateAmbassador.reflectAttributeValues(SocialFederateAmbassador.java:167)
	at urbansim.social.SocialFederateAmbassador.reflectAttributeValues(SocialFederateAmbassador.java:139)
	at org.portico.impl.hla1516e.handlers.ReflectAttributesCallbackHandler.process(ReflectAttributesCallbackHandler.java:102)
	at org.portico.utils.messaging.MessageChain.process(MessageChain.java:78)
	at org.portico.utils.messaging.MessageSink.process(MessageSink.java:187)
	at org.portico.lrc.LRC.tickProcess(LRC.java:678)
	at org.portico.lrc.LRC.access$200(LRC.java:106)
	at org.portico.lrc.LRC$ImmediateCallbackDispatcher.run(LRC.java:818)
WARN  [main] portico.lrc: MOM support is currently unsupported in IEEE-1516e federations.
WARN  [main] portico.lrc: MOM support is currently unsupported in IEEE-1516e federations.
ERROR [main] portico.lrc.jgroups: FAILURE createFederation: already exists, name=UrbanSimFederation
ERROR [main] portico.lrc: org.portico.lrc.compat.JFederationExecutionAlreadyExists: federation exists: UrbanSimFederation
ERROR [main] portico.lrc: FAILURE Regiser sync point [ReadyToRun] by [SocialFederate]: already registered
ERROR [main] portico.lrc: FAILURE Register sync point [ReadyToRun] by [SocialFederate]: label already registered
WARN  [main] portico.lrc: MOM support is currently unsupported in IEEE-1516e federations.
ERROR [main] portico.lrc.jgroups: FAILURE createFederation: already exists, name=UrbanSimFederation
ERROR [main] portico.lrc: org.portico.lrc.compat.JFederationExecutionAlreadyExists: federation exists: UrbanSimFederation
ERROR [main] portico.lrc: FAILURE Regiser sync point [ReadyToRun] by [SocialFederate]: already registered
ERROR [main] portico.lrc: FAILURE Register sync point [ReadyToRun] by [SocialFederate]: label already registered
WARN  [main] portico.lrc: MOM support is currently unsupported in IEEE-1516e federations.
WARN  [main] portico.lrc: MOM support is currently unsupported in IEEE-1516e federations.
WARN  [VERIFY_SUSPECT.TimerThread,UrbanSimFederation,avaladar-30176] portico.lrc.jgroups: Detected that federate [1] may have crashed, investigating...
WARN  [main] portico.lrc: MOM support is currently unsupported in IEEE-1516e federations.
ERROR [main] portico.lrc.jgroups: FAILURE createFederation: already exists, name=UrbanSimFederation
ERROR [main] portico.lrc: org.portico.lrc.compat.JFederationExecutionAlreadyExists: federation exists: UrbanSimFederation
ERROR [main] portico.lrc: org.portico.lrc.compat.JFederateAlreadyExecutionMember: federate name in use: SocialFederate
WARN  [main] portico.lrc: MOM support is currently unsupported in IEEE-1516e federations.
ERROR [main] portico.lrc.jgroups: FAILURE createFederation: already exists, name=UrbanSimFederation
ERROR [main] portico.lrc: org.portico.lrc.compat.JFederationExecutionAlreadyExists: federation exists: UrbanSimFederation
ERROR [main] portico.lrc: FAILURE Regiser sync point [ReadyToRun] by [SocialFederate]: already registered
ERROR [main] portico.lrc: FAILURE Register sync point [ReadyToRun] by [SocialFederate]: label already registered
WARN  [main] portico.lrc: MOM support is currently unsupported in IEEE-1516e federations.
ERROR [main] portico.lrc.jgroups: FAILURE createFederation: already exists, name=UrbanSimFederation
ERROR [main] portico.lrc: org.portico.lrc.compat.JFederationExecutionAlreadyExists: federation exists: UrbanSimFederation
ERROR [main] portico.lrc: FAILURE Regiser sync point [ReadyToRun] by [SocialFederate]: already registered
ERROR [main] portico.lrc: FAILURE Register sync point [ReadyToRun] by [SocialFederate]: label already registered
WARN  [main] portico.lrc: MOM support is currently unsupported in IEEE-1516e federations.
ERROR [main] portico.lrc.jgroups: FAILURE createFederation: already exists, name=UrbanSimFederation
ERROR [main] portico.lrc: org.portico.lrc.compat.JFederationExecutionAlreadyExists: federation exists: UrbanSimFederation
ERROR [main] portico.lrc: FAILURE Regiser sync point [ReadyToRun] by [SocialFederate]: already registered
ERROR [main] portico.lrc: FAILURE Register sync point [ReadyToRun] by [SocialFederate]: label already registered
WARN  [main] portico.lrc: MOM support is currently unsupported in IEEE-1516e federations.
WARN  [main] portico.lrc: MOM support is currently unsupported in IEEE-1516e federations.
ERROR [main] portico.lrc.jgroups: FAILURE createFederation: already exists, name=UrbanSimFederation
ERROR [main] portico.lrc: org.portico.lrc.compat.JFederationExecutionAlreadyExists: federation exists: UrbanSimFederation
ERROR [main] portico.lrc: FAILURE Regiser sync point [ReadyToRun] by [SocialFederate]: already registered
ERROR [main] portico.lrc: FAILURE Register sync point [ReadyToRun] by [SocialFederate]: label already registered
WARN  [main] portico.lrc: MOM support is currently unsupported in IEEE-1516e federations.
ERROR [main] portico.lrc.jgroups: FAILURE createFederation: already exists, name=UrbanSimFederation
ERROR [main] portico.lrc: org.portico.lrc.compat.JFederationExecutionAlreadyExists: federation exists: UrbanSimFederation
ERROR [main] portico.lrc: FAILURE Regiser sync point [ReadyToRun] by [SocialFederate]: already registered
ERROR [main] portico.lrc: FAILURE Register sync point [ReadyToRun] by [SocialFederate]: label already registered
WARN  [main] portico.lrc: MOM support is currently unsupported in IEEE-1516e federations.
ERROR [main] portico.lrc.jgroups: FAILURE createFederation: already exists, name=UrbanSimFederation
ERROR [main] portico.lrc: org.portico.lrc.compat.JFederationExecutionAlreadyExists: federation exists: UrbanSimFederation
ERROR [main] portico.lrc: FAILURE Regiser sync point [ReadyToRun] by [SocialFederate]: already registered
ERROR [main] portico.lrc: FAILURE Register sync point [ReadyToRun] by [SocialFederate]: label already registered
WARN  [main] portico.lrc: MOM support is currently unsupported in IEEE-1516e federations.
ERROR [main] portico.lrc.jgroups: FAILURE createFederation: already exists, name=UrbanSimFederation
ERROR [main] portico.lrc: org.portico.lrc.compat.JFederationExecutionAlreadyExists: federation exists: UrbanSimFederation
ERROR [main] portico.lrc: FAILURE Regiser sync point [ReadyToRun] by [SocialFederate]: already registered
ERROR [main] portico.lrc: FAILURE Register sync point [ReadyToRun] by [SocialFederate]: label already registered
WARN  [main] portico.lrc: MOM support is currently unsupported in IEEE-1516e federations.
WARN  [main] portico.lrc: MOM support is currently unsupported in IEEE-1516e federations.
WARN  [main] portico.lrc: MOM support is currently unsupported in IEEE-1516e federations.
ERROR [main] portico.lrc.jgroups: FAILURE createFederation: already exists, name=UrbanSimFederation
ERROR [main] portico.lrc: org.portico.lrc.compat.JFederationExecutionAlreadyExists: federation exists: UrbanSimFederation
ERROR [main] portico.lrc: FAILURE Regiser sync point [ReadyToRun] by [SocialFederate]: already registered
ERROR [main] portico.lrc: FAILURE Register sync point [ReadyToRun] by [SocialFederate]: label already registered
WARN  [main] portico.lrc: MOM support is currently unsupported in IEEE-1516e federations.
WARN  [main] portico.lrc: MOM support is currently unsupported in IEEE-1516e federations.
ERROR [main] portico.lrc.jgroups: FAILURE createFederation: already exists, name=UrbanSimFederation
ERROR [main] portico.lrc: org.portico.lrc.compat.JFederationExecutionAlreadyExists: federation exists: UrbanSimFederation
ERROR [main] portico.lrc: FAILURE Regiser sync point [ReadyToRun] by [SocialFederate]: already registered
ERROR [main] portico.lrc: FAILURE Register sync point [ReadyToRun] by [SocialFederate]: label already registered
WARN  [main] portico.lrc: MOM support is currently unsupported in IEEE-1516e federations.
WARN  [main] portico.lrc: MOM support is currently unsupported in IEEE-1516e federations.
ERROR [main] portico.lrc.jgroups: FAILURE createFederation: already exists, name=UrbanSimFederation
ERROR [main] portico.lrc: org.portico.lrc.compat.JFederationExecutionAlreadyExists: federation exists: UrbanSimFederation
ERROR [main] portico.lrc: FAILURE Regiser sync point [ReadyToRun] by [SocialFederate]: already registered
ERROR [main] portico.lrc: FAILURE Register sync point [ReadyToRun] by [SocialFederate]: label already registered
WARN  [main] portico.lrc: MOM support is currently unsupported in IEEE-1516e federations.
WARN  [main] portico.lrc: MOM support is currently unsupported in IEEE-1516e federations.
WARN  [main] portico.lrc: MOM support is currently unsupported in IEEE-1516e federations.
WARN  [main] portico.lrc: MOM support is currently unsupported in IEEE-1516e federations.
WARN  [main] portico.lrc: MOM support is currently unsupported in IEEE-1516e federations.
WARN  [main] portico.lrc: MOM support is currently unsupported in IEEE-1516e federations.
WARN  [main] portico.lrc: MOM support is currently unsupported in IEEE-1516e federations.
WARN  [main] portico.lrc: MOM support is currently unsupported in IEEE-1516e federations.
ERROR [main] portico.lrc.jgroups: FAILURE createFederation: already exists, name=UrbanSimFederation
ERROR [main] portico.lrc: org.portico.lrc.compat.JFederationExecutionAlreadyExists: federation exists: UrbanSimFederation
ERROR [main] portico.lrc: org.portico.lrc.compat.JFederateAlreadyExecutionMember: federate name in use: SocialFederate
WARN  [main] portico.lrc: MOM support is currently unsupported in IEEE-1516e federations.
WARN  [main] portico.lrc: MOM support is currently unsupported in IEEE-1516e federations.
WARN  [main] portico.lrc: MOM support is currently unsupported in IEEE-1516e federations.
WARN  [main] portico.lrc: MOM support is currently unsupported in IEEE-1516e federations.
WARN  [main] portico.lrc: MOM support is currently unsupported in IEEE-1516e federations.
WARN  [main] portico.lrc: MOM support is currently unsupported in IEEE-1516e federations.
WARN  [main] portico.lrc: MOM support is currently unsupported in IEEE-1516e federations.
WARN  [main] portico.lrc: MOM support is currently unsupported in IEEE-1516e federations.
WARN  [main] portico.lrc: MOM support is currently unsupported in IEEE-1516e federations.
WARN  [main] portico.lrc: MOM support is currently unsupported in IEEE-1516e federations.
WARN  [main] portico.lrc: MOM support is currently unsupported in IEEE-1516e federations.
WARN  [main] portico.lrc: MOM support is currently unsupported in IEEE-1516e federations.
WARN  [main] portico.lrc: MOM support is currently unsupported in IEEE-1516e federations.
WARN  [main] portico.lrc: MOM support is currently unsupported in IEEE-1516e federations.
WARN  [main] portico.lrc: MOM support is currently unsupported in IEEE-1516e federations.
WARN  [main] portico.lrc: MOM support is currently unsupported in IEEE-1516e federations.
WARN  [main] portico.lrc: MOM support is currently unsupported in IEEE-1516e federations.
WARN  [main] portico.lrc: MOM support is currently unsupported in IEEE-1516e federations.
WARN  [main] portico.lrc: MOM support is currently unsupported in IEEE-1516e federations.
ERROR [main] portico.lrc.jgroups: FAILURE createFederation: already exists, name=UrbanSimFederation
ERROR [main] portico.lrc: org.portico.lrc.compat.JFederationExecutionAlreadyExists: federation exists: UrbanSimFederation
ERROR [main] portico.lrc: org.portico.lrc.compat.JFederateAlreadyExecutionMember: federate name in use: SocialFederate
WARN  [main] portico.lrc: MOM support is currently unsupported in IEEE-1516e federations.
WARN  [VERIFY_SUSPECT.TimerThread,UrbanSimFederation,Bruno-PC-48095] portico.lrc.jgroups: Detected that federate [1] may have crashed, investigating...
WARN  [main] portico.lrc: MOM support is currently unsupported in IEEE-1516e federations.
WARN  [main] portico.lrc: MOM support is currently unsupported in IEEE-1516e federations.
WARN  [main] portico.lrc: MOM support is currently unsupported in IEEE-1516e federations.
WARN  [main] portico.lrc: MOM support is currently unsupported in IEEE-1516e federations.
WARN  [main] portico.lrc: MOM support is currently unsupported in IEEE-1516e federations.
WARN  [main] portico.lrc: MOM support is currently unsupported in IEEE-1516e federations.
WARN  [main] portico.lrc: MOM support is currently unsupported in IEEE-1516e federations.
WARN  [main] portico.lrc: MOM support is currently unsupported in IEEE-1516e federations.
ERROR [main] portico.lrc: org.portico.lrc.compat.JFederatesCurrentlyJoined: federates still joined: [2, 3]
WARN  [main] portico.lrc: MOM support is currently unsupported in IEEE-1516e federations.
ERROR [main] portico.lrc.jgroups: FAILURE createFederation: already exists, name=UrbanSimFederation
ERROR [main] portico.lrc: org.portico.lrc.compat.JFederationExecutionAlreadyExists: federation exists: UrbanSimFederation
WARN  [VERIFY_SUSPECT.TimerThread,UrbanSimFederation,Bruno-PC-45475] portico.lrc.jgroups: Detected that federate [1] may have crashed, investigating...
WARN  [VERIFY_SUSPECT.TimerThread,UrbanSimFederation,Bruno-PC-45475] portico.lrc.jgroups: Detected that federate [1] may have crashed, investigating...
WARN  [main] portico.lrc: MOM support is currently unsupported in IEEE-1516e federations.
ERROR [main] portico.lrc.jgroups: FAILURE createFederation: already exists, name=UrbanSimFederation
ERROR [main] portico.lrc: org.portico.lrc.compat.JFederationExecutionAlreadyExists: federation exists: UrbanSimFederation
ERROR [main] portico.lrc: FAILURE Regiser sync point [ReadyToRun] by [SocialFederate]: already registered
ERROR [main] portico.lrc: FAILURE Register sync point [ReadyToRun] by [SocialFederate]: label already registered
ERROR [main] portico.lrc: org.jgroups.TimeoutException: TimeoutException
WARN  [main] portico.lrc: MOM support is currently unsupported in IEEE-1516e federations.
WARN  [main] portico.lrc: MOM support is currently unsupported in IEEE-1516e federations.
ERROR [main] portico.lrc.jgroups: FAILURE createFederation: already exists, name=UrbanSimFederation
ERROR [main] portico.lrc: org.portico.lrc.compat.JFederationExecutionAlreadyExists: federation exists: UrbanSimFederation
WARN  [VERIFY_SUSPECT.TimerThread,UrbanSimFederation,Bruno-PC-41509] portico.lrc.jgroups: Detected that federate [1] may have crashed, investigating...
WARN  [VERIFY_SUSPECT.TimerThread,UrbanSimFederation,Bruno-PC-41509] portico.lrc.jgroups: Detected that federate [1] may have crashed, investigating...
WARN  [main] portico.lrc: MOM support is currently unsupported in IEEE-1516e federations.
ERROR [main] portico.lrc.jgroups: FAILURE createFederation: already exists, name=UrbanSimFederation
ERROR [main] portico.lrc: org.portico.lrc.compat.JFederationExecutionAlreadyExists: federation exists: UrbanSimFederation
ERROR [main] portico.lrc: FAILURE Regiser sync point [ReadyToRun] by [SocialFederate]: already registered
ERROR [main] portico.lrc: FAILURE Register sync point [ReadyToRun] by [SocialFederate]: label already registered
WARN  [main] portico.lrc: MOM support is currently unsupported in IEEE-1516e federations.
WARN  [main] portico.lrc: MOM support is currently unsupported in IEEE-1516e federations.
ERROR [main] portico.lrc: org.portico.lrc.compat.JFederatesCurrentlyJoined: federates still joined: [1, 3]
WARN  [VERIFY_SUSPECT.TimerThread,UrbanSimFederation,Bruno-PC-19862] portico.lrc.jgroups: Detected that federate [1] may have crashed, investigating...
WARN  [VERIFY_SUSPECT.TimerThread,UrbanSimFederation,Bruno-PC-19862] portico.lrc.jgroups: Detected that federate [1] may have crashed, investigating...
WARN  [VERIFY_SUSPECT.TimerThread,UrbanSimFederation,Bruno-PC-19862] portico.lrc.jgroups: Detected that federate [1] may have crashed, investigating...
WARN  [VERIFY_SUSPECT.TimerThread,UrbanSimFederation,Bruno-PC-19862] portico.lrc.jgroups: Detected that federate [1] may have crashed, investigating...
WARN  [main] portico.lrc: MOM support is currently unsupported in IEEE-1516e federations.
WARN  [main] portico.lrc: MOM support is currently unsupported in IEEE-1516e federations.
WARN  [main] portico.lrc: MOM support is currently unsupported in IEEE-1516e federations.
ERROR [main] portico.lrc: org.portico.lrc.compat.JFederatesCurrentlyJoined: federates still joined: [2, 3]
WARN  [main] portico.lrc: MOM support is currently unsupported in IEEE-1516e federations.
WARN  [main] portico.lrc: MOM support is currently unsupported in IEEE-1516e federations.
WARN  [main] portico.lrc: MOM support is currently unsupported in IEEE-1516e federations.
WARN  [main] portico.lrc: MOM support is currently unsupported in IEEE-1516e federations.
WARN  [main] portico.lrc: MOM support is currently unsupported in IEEE-1516e federations.
WARN  [main] portico.lrc: MOM support is currently unsupported in IEEE-1516e federations.
WARN  [main] portico.lrc: MOM support is currently unsupported in IEEE-1516e federations.
WARN  [main] portico.lrc: MOM support is currently unsupported in IEEE-1516e federations.
WARN  [main] portico.lrc: MOM support is currently unsupported in IEEE-1516e federations.
WARN  [main] portico.lrc: MOM support is currently unsupported in IEEE-1516e federations.
WARN  [main] portico.lrc: MOM support is currently unsupported in IEEE-1516e federations.
WARN  [main] portico.lrc: MOM support is currently unsupported in IEEE-1516e federations.
WARN  [main] portico.lrc: MOM support is currently unsupported in IEEE-1516e federations.
WARN  [main] portico.lrc: MOM support is currently unsupported in IEEE-1516e federations.
ERROR [Incoming,UrbanSimFederation,Bruno-PC-7921] portico.lrc.jgroups: Error processing received message: null
java.lang.NullPointerException
	at org.portico.bindings.jgroups.MessageReceiver.receiveAsynchronous(MessageReceiver.java:81)
	at org.portico.bindings.jgroups.channel.FederationListener.receive(FederationListener.java:246)
	at org.jgroups.blocks.MessageDispatcher$ProtocolAdapter.handleUpEvent(MessageDispatcher.java:528)
	at org.jgroups.blocks.MessageDispatcher$ProtocolAdapter.up(MessageDispatcher.java:606)
	at org.jgroups.JChannel.up(JChannel.java:715)
	at org.jgroups.stack.ProtocolStack.up(ProtocolStack.java:1020)
	at org.jgroups.protocols.pbcast.FLUSH.up(FLUSH.java:504)
	at org.jgroups.protocols.pbcast.STATE_TRANSFER.up(STATE_TRANSFER.java:178)
	at org.jgroups.protocols.FRAG2.up(FRAG2.java:181)
	at org.jgroups.protocols.FlowControl.up(FlowControl.java:400)
	at org.jgroups.protocols.FlowControl.up(FlowControl.java:418)
	at org.jgroups.protocols.pbcast.GMS.up(GMS.java:896)
	at org.jgroups.protocols.pbcast.STABLE.up(STABLE.java:244)
	at org.jgroups.protocols.RSVP.up(RSVP.java:188)
	at org.jgroups.protocols.UNICAST2.up(UNICAST2.java:432)
	at org.jgroups.protocols.pbcast.NAKACK2.handleMessage(NAKACK2.java:754)
	at org.jgroups.protocols.pbcast.NAKACK2.up(NAKACK2.java:570)
	at org.jgroups.protocols.BARRIER.up(BARRIER.java:126)
	at org.jgroups.protocols.VERIFY_SUSPECT.up(VERIFY_SUSPECT.java:143)
	at org.jgroups.protocols.FD_ALL.up(FD_ALL.java:177)
	at org.jgroups.protocols.MERGE3.up(MERGE3.java:290)
	at org.jgroups.protocols.Discovery.up(Discovery.java:359)
	at org.jgroups.protocols.TP.passMessageUp(TP.java:1293)
	at org.jgroups.protocols.TP$5.run(TP.java:1211)
	at java.util.concurrent.ThreadPoolExecutor.runWorker(Unknown Source)
	at java.util.concurrent.ThreadPoolExecutor$Worker.run(Unknown Source)
	at java.lang.Thread.run(Unknown Source)
WARN  [main] portico.lrc: MOM support is currently unsupported in IEEE-1516e federations.
WARN  [main] portico.lrc: MOM support is currently unsupported in IEEE-1516e federations.
WARN  [main] portico.lrc: MOM support is currently unsupported in IEEE-1516e federations.
WARN  [main] portico.lrc: MOM support is currently unsupported in IEEE-1516e federations.
WARN  [main] portico.lrc: MOM support is currently unsupported in IEEE-1516e federations.
WARN  [main] portico.lrc: MOM support is currently unsupported in IEEE-1516e federations.
ERROR [main] portico.lrc.jgroups: FAILURE createFederation: already exists, name=UrbanSimFederation
ERROR [main] portico.lrc: org.portico.lrc.compat.JFederationExecutionAlreadyExists: federation exists: UrbanSimFederation
ERROR [main] portico.lrc: org.portico.lrc.compat.JFederateAlreadyExecutionMember: federate name in use: SocialFederate
WARN  [VERIFY_SUSPECT.TimerThread,UrbanSimFederation,Bruno-PC-35574] portico.lrc.jgroups: Detected that federate [1] may have crashed, investigating...
WARN  [main] portico.lrc: MOM support is currently unsupported in IEEE-1516e federations.
WARN  [main] portico.lrc: MOM support is currently unsupported in IEEE-1516e federations.
WARN  [main] portico.lrc: MOM support is currently unsupported in IEEE-1516e federations.
WARN  [main] portico.lrc: MOM support is currently unsupported in IEEE-1516e federations.
WARN  [main] portico.lrc: MOM support is currently unsupported in IEEE-1516e federations.
WARN  [main] portico.lrc: MOM support is currently unsupported in IEEE-1516e federations.
WARN  [main] portico.lrc: MOM support is currently unsupported in IEEE-1516e federations.
WARN  [main] portico.lrc: MOM support is currently unsupported in IEEE-1516e federations.
WARN  [main] portico.lrc: MOM support is currently unsupported in IEEE-1516e federations.
WARN  [main] portico.lrc: MOM support is currently unsupported in IEEE-1516e federations.
WARN  [main] portico.lrc: MOM support is currently unsupported in IEEE-1516e federations.
WARN  [main] portico.lrc: MOM support is currently unsupported in IEEE-1516e federations.
WARN  [main] portico.lrc: MOM support is currently unsupported in IEEE-1516e federations.
WARN  [main] portico.lrc: MOM support is currently unsupported in IEEE-1516e federations.
WARN  [main] portico.lrc: MOM support is currently unsupported in IEEE-1516e federations.
WARN  [main] portico.lrc: MOM support is currently unsupported in IEEE-1516e federations.
WARN  [main] portico.lrc: MOM support is currently unsupported in IEEE-1516e federations.
WARN  [main] portico.lrc: MOM support is currently unsupported in IEEE-1516e federations.
WARN  [main] portico.lrc: MOM support is currently unsupported in IEEE-1516e federations.
WARN  [main] portico.lrc: MOM support is currently unsupported in IEEE-1516e federations.
WARN  [main] portico.lrc: MOM support is currently unsupported in IEEE-1516e federations.
WARN  [main] portico.lrc: MOM support is currently unsupported in IEEE-1516e federations.
WARN  [main] portico.lrc: MOM support is currently unsupported in IEEE-1516e federations.
WARN  [main] portico.lrc: MOM support is currently unsupported in IEEE-1516e federations.
WARN  [main] portico.lrc: MOM support is currently unsupported in IEEE-1516e federations.
WARN  [main] portico.lrc: MOM support is currently unsupported in IEEE-1516e federations.
WARN  [main] portico.lrc: MOM support is currently unsupported in IEEE-1516e federations.
WARN  [main] portico.lrc: MOM support is currently unsupported in IEEE-1516e federations.
WARN  [main] portico.lrc: MOM support is currently unsupported in IEEE-1516e federations.
WARN  [main] portico.lrc: MOM support is currently unsupported in IEEE-1516e federations.
WARN  [main] portico.lrc: MOM support is currently unsupported in IEEE-1516e federations.
WARN  [main] portico.lrc: MOM support is currently unsupported in IEEE-1516e federations.
WARN  [main] portico.lrc: MOM support is currently unsupported in IEEE-1516e federations.
WARN  [main] portico.lrc: MOM support is currently unsupported in IEEE-1516e federations.
WARN  [main] portico.lrc: MOM support is currently unsupported in IEEE-1516e federations.
WARN  [main] portico.lrc: MOM support is currently unsupported in IEEE-1516e federations.
WARN  [main] portico.lrc: MOM support is currently unsupported in IEEE-1516e federations.
WARN  [main] portico.lrc: MOM support is currently unsupported in IEEE-1516e federations.
WARN  [main] portico.lrc: MOM support is currently unsupported in IEEE-1516e federations.
WARN  [main] portico.lrc: MOM support is currently unsupported in IEEE-1516e federations.
WARN  [VERIFY_SUSPECT.TimerThread,UrbanSimFederation,Bruno-PC-6899] portico.lrc.jgroups: Detected that federate [1] may have crashed, investigating...
WARN  [main] portico.lrc: MOM support is currently unsupported in IEEE-1516e federations.
WARN  [main] portico.lrc: MOM support is currently unsupported in IEEE-1516e federations.
WARN  [main] portico.lrc: MOM support is currently unsupported in IEEE-1516e federations.
WARN  [main] portico.lrc: MOM support is currently unsupported in IEEE-1516e federations.
WARN  [main] portico.lrc: MOM support is currently unsupported in IEEE-1516e federations.
ERROR [main] portico.lrc.jgroups: FAILURE createFederation: already exists, name=UrbanSimFederation
ERROR [main] portico.lrc: org.portico.lrc.compat.JFederationExecutionAlreadyExists: federation exists: UrbanSimFederation
ERROR [main] portico.lrc: org.portico.lrc.compat.JFederateAlreadyExecutionMember: federate name in use: SocialFederate
WARN  [main] portico.lrc: MOM support is currently unsupported in IEEE-1516e federations.
WARN  [main] portico.lrc: MOM support is currently unsupported in IEEE-1516e federations.
WARN  [main] portico.lrc: MOM support is currently unsupported in IEEE-1516e federations.
WARN  [main] portico.lrc: MOM support is currently unsupported in IEEE-1516e federations.
WARN  [main] portico.lrc: MOM support is currently unsupported in IEEE-1516e federations.
WARN  [main] portico.lrc: MOM support is currently unsupported in IEEE-1516e federations.
WARN  [main] portico.lrc: MOM support is currently unsupported in IEEE-1516e federations.
WARN  [main] portico.lrc: MOM support is currently unsupported in IEEE-1516e federations.
WARN  [main] portico.lrc: MOM support is currently unsupported in IEEE-1516e federations.
WARN  [main] portico.lrc: MOM support is currently unsupported in IEEE-1516e federations.
WARN  [main] portico.lrc: MOM support is currently unsupported in IEEE-1516e federations.
WARN  [main] portico.lrc: MOM support is currently unsupported in IEEE-1516e federations.
WARN  [main] portico.lrc: MOM support is currently unsupported in IEEE-1516e federations.
WARN  [main] portico.lrc: MOM support is currently unsupported in IEEE-1516e federations.
WARN  [main] portico.lrc: MOM support is currently unsupported in IEEE-1516e federations.
WARN  [main] portico.lrc: MOM support is currently unsupported in IEEE-1516e federations.
ERROR [main] portico.lrc.jgroups: FAILURE createFederation: already exists, name=UrbanSimFederation
ERROR [main] portico.lrc: org.portico.lrc.compat.JFederationExecutionAlreadyExists: federation exists: UrbanSimFederation
ERROR [main] portico.lrc: FAILURE Regiser sync point [ReadyToRun] by [SocialFederate]: already registered
ERROR [main] portico.lrc: FAILURE Register sync point [ReadyToRun] by [SocialFederate]: label already registered
WARN  [main] portico.lrc: MOM support is currently unsupported in IEEE-1516e federations.
WARN  [main] portico.lrc: MOM support is currently unsupported in IEEE-1516e federations.
ERROR [main] portico.lrc: org.portico.lrc.compat.JFederatesCurrentlyJoined: federates still joined: [1, 2]
WARN  [main] portico.lrc: MOM support is currently unsupported in IEEE-1516e federations.
WARN  [main] portico.lrc: MOM support is currently unsupported in IEEE-1516e federations.
WARN  [main] portico.lrc: MOM support is currently unsupported in IEEE-1516e federations.
ERROR [main] portico.lrc: org.portico.lrc.compat.JFederatesCurrentlyJoined: federates still joined: [2, 3]
WARN  [VERIFY_SUSPECT.TimerThread,UrbanSimFederation,Bruno-PC-13133] portico.lrc.jgroups: Detected that federate [1] may have crashed, investigating...
WARN  [VERIFY_SUSPECT.TimerThread,UrbanSimFederation,Bruno-PC-13133] portico.lrc.jgroups: Detected that federate [1] may have crashed, investigating...
WARN  [main] portico.lrc: MOM support is currently unsupported in IEEE-1516e federations.
WARN  [main] portico.lrc: MOM support is currently unsupported in IEEE-1516e federations.
WARN  [main] portico.lrc: MOM support is currently unsupported in IEEE-1516e federations.
WARN  [main] portico.lrc: MOM support is currently unsupported in IEEE-1516e federations.
WARN  [main] portico.lrc: MOM support is currently unsupported in IEEE-1516e federations.
WARN  [main] portico.lrc: MOM support is currently unsupported in IEEE-1516e federations.
WARN  [main] portico.lrc: MOM support is currently unsupported in IEEE-1516e federations.
WARN  [main] portico.lrc: MOM support is currently unsupported in IEEE-1516e federations.
WARN  [main] portico.lrc: MOM support is currently unsupported in IEEE-1516e federations.
WARN  [main] portico.lrc: MOM support is currently unsupported in IEEE-1516e federations.
WARN  [main] portico.lrc: MOM support is currently unsupported in IEEE-1516e federations.
WARN  [main] portico.lrc: MOM support is currently unsupported in IEEE-1516e federations.
WARN  [main] portico.lrc: MOM support is currently unsupported in IEEE-1516e federations.
WARN  [main] portico.lrc: MOM support is currently unsupported in IEEE-1516e federations.
WARN  [main] portico.lrc: MOM support is currently unsupported in IEEE-1516e federations.
WARN  [main] portico.lrc: MOM support is currently unsupported in IEEE-1516e federations.
ERROR [main] portico.lrc: org.portico.lrc.compat.JFederatesCurrentlyJoined: federates still joined: [2, 3]
WARN  [main] portico.lrc: MOM support is currently unsupported in IEEE-1516e federations.
WARN  [main] portico.lrc: MOM support is currently unsupported in IEEE-1516e federations.
WARN  [main] portico.lrc: MOM support is currently unsupported in IEEE-1516e federations.
WARN  [main] portico.lrc: MOM support is currently unsupported in IEEE-1516e federations.
ERROR [main] portico.lrc: org.portico.lrc.compat.JFederatesCurrentlyJoined: federates still joined: [2, 3]
WARN  [VERIFY_SUSPECT.TimerThread,UrbanSimFederation,Bruno-PC-8582] portico.lrc.jgroups: Detected that federate [1] may have crashed, investigating...
WARN  [main] portico.lrc: MOM support is currently unsupported in IEEE-1516e federations.
WARN  [main] portico.lrc: MOM support is currently unsupported in IEEE-1516e federations.
WARN  [main] portico.lrc: MOM support is currently unsupported in IEEE-1516e federations.
WARN  [main] portico.lrc: MOM support is currently unsupported in IEEE-1516e federations.
ERROR [main] portico.lrc.jgroups: FAILURE createFederation: already exists, name=UrbanSimFederation
ERROR [main] portico.lrc: org.portico.lrc.compat.JFederationExecutionAlreadyExists: federation exists: UrbanSimFederation
WARN  [VERIFY_SUSPECT.TimerThread,UrbanSimFederation,Bruno-PC-12579] portico.lrc.jgroups: Detected that federate [1] may have crashed, investigating...
WARN  [VERIFY_SUSPECT.TimerThread,UrbanSimFederation,Bruno-PC-12579] portico.lrc.jgroups: Detected that federate [1] may have crashed, investigating...
WARN  [main] portico.lrc: MOM support is currently unsupported in IEEE-1516e federations.
WARN  [main] portico.lrc: MOM support is currently unsupported in IEEE-1516e federations.
WARN  [main] portico.lrc: MOM support is currently unsupported in IEEE-1516e federations.
ERROR [main] portico.lrc: org.portico.lrc.compat.JFederatesCurrentlyJoined: federates still joined: [2]
WARN  [VERIFY_SUSPECT.TimerThread,UrbanSimFederation,Bruno-PC-30528] portico.lrc.jgroups: Detected that federate [1] may have crashed, investigating...
WARN  [main] portico.lrc: MOM support is currently unsupported in IEEE-1516e federations.
ERROR [main] portico.lrc.jgroups: FAILURE createFederation: already exists, name=UrbanSimFederation
ERROR [main] portico.lrc: org.portico.lrc.compat.JFederationExecutionAlreadyExists: federation exists: UrbanSimFederation
ERROR [main] portico.lrc: FAILURE Regiser sync point [ReadyToRun] by [SocialFederate]: already registered
ERROR [main] portico.lrc: FAILURE Register sync point [ReadyToRun] by [SocialFederate]: label already registered
WARN  [main] portico.lrc: MOM support is currently unsupported in IEEE-1516e federations.
WARN  [main] portico.lrc: MOM support is currently unsupported in IEEE-1516e federations.
ERROR [main] portico.lrc: org.portico.lrc.compat.JFederatesCurrentlyJoined: federates still joined: [1, 3]
WARN  [VERIFY_SUSPECT.TimerThread,UrbanSimFederation,Bruno-PC-47183] portico.lrc.jgroups: Detected that federate [1] may have crashed, investigating...
WARN  [VERIFY_SUSPECT.TimerThread,UrbanSimFederation,Bruno-PC-47183] portico.lrc.jgroups: Detected that federate [1] may have crashed, investigating...
WARN  [VERIFY_SUSPECT.TimerThread,UrbanSimFederation,Bruno-PC-47183] portico.lrc.jgroups: Detected that federate [1] may have crashed, investigating...
WARN  [main] portico.lrc: MOM support is currently unsupported in IEEE-1516e federations.
ERROR [main] portico.lrc.jgroups: FAILURE createFederation: already exists, name=UrbanSimFederation
ERROR [main] portico.lrc: org.portico.lrc.compat.JFederationExecutionAlreadyExists: federation exists: UrbanSimFederation
ERROR [main] portico.lrc: FAILURE Regiser sync point [ReadyToRun] by [SocialFederate]: already registered
ERROR [main] portico.lrc: FAILURE Register sync point [ReadyToRun] by [SocialFederate]: label already registered
WARN  [main] portico.lrc: MOM support is currently unsupported in IEEE-1516e federations.
WARN  [main] portico.lrc: MOM support is currently unsupported in IEEE-1516e federations.
ERROR [main] portico.lrc: org.portico.lrc.compat.JFederatesCurrentlyJoined: federates still joined: [1, 3]
WARN  [VERIFY_SUSPECT.TimerThread,UrbanSimFederation,Bruno-PC-13094] portico.lrc.jgroups: Detected that federate [1] may have crashed, investigating...
WARN  [VERIFY_SUSPECT.TimerThread,UrbanSimFederation,Bruno-PC-13094] portico.lrc.jgroups: Detected that federate [1] may have crashed, investigating...
WARN  [VERIFY_SUSPECT.TimerThread,UrbanSimFederation,Bruno-PC-13094] portico.lrc.jgroups: Detected that federate [1] may have crashed, investigating...
WARN  [VERIFY_SUSPECT.TimerThread,UrbanSimFederation,Bruno-PC-13094] portico.lrc.jgroups: Detected that federate [1] may have crashed, investigating...
WARN  [main] portico.lrc: MOM support is currently unsupported in IEEE-1516e federations.
ERROR [main] portico.lrc.jgroups: FAILURE createFederation: already exists, name=UrbanSimFederation
ERROR [main] portico.lrc: org.portico.lrc.compat.JFederationExecutionAlreadyExists: federation exists: UrbanSimFederation
ERROR [main] portico.lrc: FAILURE Regiser sync point [ReadyToRun] by [SocialFederate]: already registered
ERROR [main] portico.lrc: FAILURE Register sync point [ReadyToRun] by [SocialFederate]: label already registered
WARN  [main] portico.lrc: MOM support is currently unsupported in IEEE-1516e federations.
WARN  [main] portico.lrc: MOM support is currently unsupported in IEEE-1516e federations.
ERROR [main] portico.lrc: org.portico.lrc.compat.JFederatesCurrentlyJoined: federates still joined: [1, 2]
WARN  [VERIFY_SUSPECT.TimerThread,UrbanSimFederation,Bruno-PC-17945] portico.lrc.jgroups: Detected that federate [1] may have crashed, investigating...
WARN  [VERIFY_SUSPECT.TimerThread,UrbanSimFederation,Bruno-PC-17945] portico.lrc.jgroups: Detected that federate [1] may have crashed, investigating...
WARN  [VERIFY_SUSPECT.TimerThread,UrbanSimFederation,Bruno-PC-17945] portico.lrc.jgroups: Detected that federate [1] may have crashed, investigating...
WARN  [VERIFY_SUSPECT.TimerThread,UrbanSimFederation,Bruno-PC-17945] portico.lrc.jgroups: Detected that federate [1] may have crashed, investigating...
WARN  [main] portico.lrc: MOM support is currently unsupported in IEEE-1516e federations.
ERROR [main] portico.lrc.jgroups: FAILURE createFederation: already exists, name=UrbanSimFederation
ERROR [main] portico.lrc: org.portico.lrc.compat.JFederationExecutionAlreadyExists: federation exists: UrbanSimFederation
ERROR [main] portico.lrc: FAILURE Register sync point [ReadyToRun] by [SocialFederate]: already announced
WARN  [main] portico.lrc: MOM support is currently unsupported in IEEE-1516e federations.
WARN  [main] portico.lrc: MOM support is currently unsupported in IEEE-1516e federations.
ERROR [main] portico.lrc: org.portico.lrc.compat.JFederatesCurrentlyJoined: federates still joined: [1, 3]
WARN  [VERIFY_SUSPECT.TimerThread,UrbanSimFederation,Bruno-PC-48410] portico.lrc.jgroups: Detected that federate [1] may have crashed, investigating...
WARN  [main] portico.lrc: MOM support is currently unsupported in IEEE-1516e federations.
ERROR [main] portico.lrc.jgroups: FAILURE createFederation: already exists, name=UrbanSimFederation
ERROR [main] portico.lrc: org.portico.lrc.compat.JFederationExecutionAlreadyExists: federation exists: UrbanSimFederation
ERROR [main] portico.lrc: FAILURE Regiser sync point [ReadyToRun] by [SocialFederate]: already registered
ERROR [main] portico.lrc: FAILURE Register sync point [ReadyToRun] by [SocialFederate]: label already registered
WARN  [main] portico.lrc: MOM support is currently unsupported in IEEE-1516e federations.
WARN  [main] portico.lrc: MOM support is currently unsupported in IEEE-1516e federations.
ERROR [main] portico.lrc.jgroups: FAILURE createFederation: already exists, name=UrbanSimFederation
ERROR [main] portico.lrc: org.portico.lrc.compat.JFederationExecutionAlreadyExists: federation exists: UrbanSimFederation
ERROR [main] portico.lrc: FAILURE Regiser sync point [ReadyToRun] by [SocialFederate]: already registered
ERROR [main] portico.lrc: FAILURE Register sync point [ReadyToRun] by [SocialFederate]: label already registered
WARN  [main] portico.lrc: MOM support is currently unsupported in IEEE-1516e federations.
ERROR [main] portico.lrc.jgroups: FAILURE createFederation: already exists, name=UrbanSimFederation
ERROR [main] portico.lrc: org.portico.lrc.compat.JFederationExecutionAlreadyExists: federation exists: UrbanSimFederation
ERROR [main] portico.lrc: FAILURE Regiser sync point [ReadyToRun] by [SocialFederate]: already registered
ERROR [main] portico.lrc: FAILURE Register sync point [ReadyToRun] by [SocialFederate]: label already registered
WARN  [main] portico.lrc: MOM support is currently unsupported in IEEE-1516e federations.
ERROR [main] portico.lrc.jgroups: FAILURE createFederation: already exists, name=UrbanSimFederation
ERROR [main] portico.lrc: org.portico.lrc.compat.JFederationExecutionAlreadyExists: federation exists: UrbanSimFederation
ERROR [main] portico.lrc: FAILURE Register sync point [ReadyToRun] by [SocialFederate]: already announced
WARN  [main] portico.lrc: MOM support is currently unsupported in IEEE-1516e federations.
ERROR [main] portico.lrc.jgroups: FAILURE createFederation: already exists, name=UrbanSimFederation
ERROR [main] portico.lrc: org.portico.lrc.compat.JFederationExecutionAlreadyExists: federation exists: UrbanSimFederation
ERROR [main] portico.lrc: FAILURE Regiser sync point [ReadyToRun] by [SocialFederate]: already registered
ERROR [main] portico.lrc: FAILURE Register sync point [ReadyToRun] by [SocialFederate]: label already registered
WARN  [main] portico.lrc: MOM support is currently unsupported in IEEE-1516e federations.
WARN  [main] portico.lrc: MOM support is currently unsupported in IEEE-1516e federations.
ERROR [main] portico.lrc: org.portico.lrc.compat.JFederatesCurrentlyJoined: federates still joined: [1, 2]
WARN  [main] portico.lrc: MOM support is currently unsupported in IEEE-1516e federations.
ERROR [main] portico.lrc.jgroups: FAILURE createFederation: already exists, name=UrbanSimFederation
ERROR [main] portico.lrc: org.portico.lrc.compat.JFederationExecutionAlreadyExists: federation exists: UrbanSimFederation
ERROR [main] portico.lrc: FAILURE Regiser sync point [ReadyToRun] by [SocialFederate]: already registered
ERROR [main] portico.lrc: FAILURE Register sync point [ReadyToRun] by [SocialFederate]: label already registered
WARN  [main] portico.lrc: MOM support is currently unsupported in IEEE-1516e federations.
WARN  [main] portico.lrc: MOM support is currently unsupported in IEEE-1516e federations.
WARN  [main] portico.lrc: MOM support is currently unsupported in IEEE-1516e federations.
WARN  [main] portico.lrc: MOM support is currently unsupported in IEEE-1516e federations.
WARN  [main] portico.lrc: MOM support is currently unsupported in IEEE-1516e federations.
WARN  [main] portico.lrc: MOM support is currently unsupported in IEEE-1516e federations.
WARN  [main] portico.lrc: MOM support is currently unsupported in IEEE-1516e federations.
WARN  [main] portico.lrc: MOM support is currently unsupported in IEEE-1516e federations.
ERROR [main] portico.lrc.jgroups: FAILURE createFederation: already exists, name=UrbanSimFederation
ERROR [main] portico.lrc: org.portico.lrc.compat.JFederationExecutionAlreadyExists: federation exists: UrbanSimFederation
ERROR [main] portico.lrc: FAILURE Regiser sync point [ReadyToRun] by [SocialFederate]: already registered
ERROR [main] portico.lrc: FAILURE Register sync point [ReadyToRun] by [SocialFederate]: label already registered
WARN  [main] portico.lrc: MOM support is currently unsupported in IEEE-1516e federations.
ERROR [main] portico.lrc.jgroups: FAILURE createFederation: already exists, name=UrbanSimFederation
ERROR [main] portico.lrc: org.portico.lrc.compat.JFederationExecutionAlreadyExists: federation exists: UrbanSimFederation
ERROR [main] portico.lrc: FAILURE Regiser sync point [ReadyToRun] by [SocialFederate]: already registered
ERROR [main] portico.lrc: FAILURE Register sync point [ReadyToRun] by [SocialFederate]: label already registered
ERROR [Thread-0] portico.lrc: FAILURE Exception encountered while processing incoming message: null
java.lang.NullPointerException
	at urbansim.social.SocialFederateAmbassador.discoverObjectInstance(SocialFederateAmbassador.java:400)
	at org.portico.impl.hla1516e.handlers.DiscoverObjectCallbackHandler.process(DiscoverObjectCallbackHandler.java:74)
	at org.portico.utils.messaging.MessageChain.process(MessageChain.java:78)
	at org.portico.utils.messaging.MessageSink.process(MessageSink.java:187)
	at org.portico.lrc.LRC.tickProcess(LRC.java:678)
	at org.portico.lrc.LRC.access$200(LRC.java:106)
	at org.portico.lrc.LRC$ImmediateCallbackDispatcher.run(LRC.java:818)
ERROR [Thread-0] portico.lrc: FAILURE Exception encountered while processing incoming message: null
java.lang.NullPointerException
	at urbansim.social.SocialFederateAmbassador.reflectAttributeValues(SocialFederateAmbassador.java:240)
	at urbansim.social.SocialFederateAmbassador.reflectAttributeValues(SocialFederateAmbassador.java:165)
	at org.portico.impl.hla1516e.handlers.ReflectAttributesCallbackHandler.process(ReflectAttributesCallbackHandler.java:102)
	at org.portico.utils.messaging.MessageChain.process(MessageChain.java:78)
	at org.portico.utils.messaging.MessageSink.process(MessageSink.java:187)
	at org.portico.lrc.LRC.tickProcess(LRC.java:678)
	at org.portico.lrc.LRC.access$200(LRC.java:106)
	at org.portico.lrc.LRC$ImmediateCallbackDispatcher.run(LRC.java:818)
ERROR [Thread-0] portico.lrc: FAILURE Exception encountered while processing incoming message: null
java.lang.NullPointerException
	at urbansim.social.SocialFederateAmbassador.receiveInteraction(SocialFederateAmbassador.java:358)
	at urbansim.social.SocialFederateAmbassador.receiveInteraction(SocialFederateAmbassador.java:268)
	at org.portico.impl.hla1516e.handlers.ReceiveInteractionCallbackHandler.process(ReceiveInteractionCallbackHandler.java:102)
	at org.portico.utils.messaging.MessageChain.process(MessageChain.java:78)
	at org.portico.utils.messaging.MessageSink.process(MessageSink.java:187)
	at org.portico.lrc.LRC.tickProcess(LRC.java:678)
	at org.portico.lrc.LRC.access$200(LRC.java:106)
	at org.portico.lrc.LRC$ImmediateCallbackDispatcher.run(LRC.java:818)
ERROR [Thread-0] portico.lrc: FAILURE Exception encountered while processing incoming message: null
java.lang.NullPointerException
	at urbansim.social.SocialFederateAmbassador.reflectAttributeValues(SocialFederateAmbassador.java:240)
	at urbansim.social.SocialFederateAmbassador.reflectAttributeValues(SocialFederateAmbassador.java:165)
	at org.portico.impl.hla1516e.handlers.ReflectAttributesCallbackHandler.process(ReflectAttributesCallbackHandler.java:102)
	at org.portico.utils.messaging.MessageChain.process(MessageChain.java:78)
	at org.portico.utils.messaging.MessageSink.process(MessageSink.java:187)
	at org.portico.lrc.LRC.tickProcess(LRC.java:678)
	at org.portico.lrc.LRC.access$200(LRC.java:106)
	at org.portico.lrc.LRC$ImmediateCallbackDispatcher.run(LRC.java:818)
ERROR [Thread-0] portico.lrc: FAILURE Exception encountered while processing incoming message: null
java.lang.NullPointerException
	at urbansim.social.SocialFederateAmbassador.receiveInteraction(SocialFederateAmbassador.java:358)
	at urbansim.social.SocialFederateAmbassador.receiveInteraction(SocialFederateAmbassador.java:268)
	at org.portico.impl.hla1516e.handlers.ReceiveInteractionCallbackHandler.process(ReceiveInteractionCallbackHandler.java:102)
	at org.portico.utils.messaging.MessageChain.process(MessageChain.java:78)
	at org.portico.utils.messaging.MessageSink.process(MessageSink.java:187)
	at org.portico.lrc.LRC.tickProcess(LRC.java:678)
	at org.portico.lrc.LRC.access$200(LRC.java:106)
	at org.portico.lrc.LRC$ImmediateCallbackDispatcher.run(LRC.java:818)
WARN  [main] portico.lrc: MOM support is currently unsupported in IEEE-1516e federations.
ERROR [main] portico.lrc.jgroups: FAILURE createFederation: already exists, name=UrbanSimFederation
ERROR [main] portico.lrc: org.portico.lrc.compat.JFederationExecutionAlreadyExists: federation exists: UrbanSimFederation
WARN  [main] portico.lrc: MOM support is currently unsupported in IEEE-1516e federations.
ERROR [main] portico.lrc.jgroups: FAILURE createFederation: already exists, name=UrbanSimFederation
ERROR [main] portico.lrc: org.portico.lrc.compat.JFederationExecutionAlreadyExists: federation exists: UrbanSimFederation
ERROR [main] portico.lrc: FAILURE Regiser sync point [ReadyToRun] by [SocialFederate]: already registered
ERROR [main] portico.lrc: FAILURE Register sync point [ReadyToRun] by [SocialFederate]: label already registered
WARN  [main] portico.lrc: MOM support is currently unsupported in IEEE-1516e federations.
ERROR [Thread-0] portico.lrc: FAILURE Exception encountered while processing incoming message: null
java.lang.NullPointerException
	at urbansim.social.SocialFederateAmbassador.reflectAttributeValues(SocialFederateAmbassador.java:240)
	at urbansim.social.SocialFederateAmbassador.reflectAttributeValues(SocialFederateAmbassador.java:165)
	at org.portico.impl.hla1516e.handlers.ReflectAttributesCallbackHandler.process(ReflectAttributesCallbackHandler.java:102)
	at org.portico.utils.messaging.MessageChain.process(MessageChain.java:78)
	at org.portico.utils.messaging.MessageSink.process(MessageSink.java:187)
	at org.portico.lrc.LRC.tickProcess(LRC.java:678)
	at org.portico.lrc.LRC.access$200(LRC.java:106)
	at org.portico.lrc.LRC$ImmediateCallbackDispatcher.run(LRC.java:818)
WARN  [main] portico.lrc: MOM support is currently unsupported in IEEE-1516e federations.
ERROR [main] portico.lrc.jgroups: FAILURE createFederation: already exists, name=UrbanSimFederation
ERROR [main] portico.lrc: org.portico.lrc.compat.JFederationExecutionAlreadyExists: federation exists: UrbanSimFederation
ERROR [main] portico.lrc: FAILURE Regiser sync point [ReadyToRun] by [SocialFederate]: already registered
ERROR [main] portico.lrc: FAILURE Register sync point [ReadyToRun] by [SocialFederate]: label already registered
WARN  [main] portico.lrc: MOM support is currently unsupported in IEEE-1516e federations.
ERROR [main] portico.lrc.jgroups: FAILURE createFederation: already exists, name=UrbanSimFederation
ERROR [main] portico.lrc: org.portico.lrc.compat.JFederationExecutionAlreadyExists: federation exists: UrbanSimFederation
ERROR [main] portico.lrc: FAILURE Regiser sync point [ReadyToRun] by [SocialFederate]: already registered
ERROR [main] portico.lrc: FAILURE Register sync point [ReadyToRun] by [SocialFederate]: label already registered
WARN  [main] portico.lrc: MOM support is currently unsupported in IEEE-1516e federations.
WARN  [main] portico.lrc: MOM support is currently unsupported in IEEE-1516e federations.
WARN  [main] portico.lrc: MOM support is currently unsupported in IEEE-1516e federations.
WARN  [main] portico.lrc: MOM support is currently unsupported in IEEE-1516e federations.
WARN  [main] portico.lrc: MOM support is currently unsupported in IEEE-1516e federations.
WARN  [main] portico.lrc: MOM support is currently unsupported in IEEE-1516e federations.
WARN  [main] portico.lrc: MOM support is currently unsupported in IEEE-1516e federations.
ERROR [main] portico.lrc.jgroups: FAILURE createFederation: already exists, name=UrbanSimFederation
ERROR [main] portico.lrc: org.portico.lrc.compat.JFederationExecutionAlreadyExists: federation exists: UrbanSimFederation
ERROR [main] portico.lrc: org.portico.lrc.compat.JFederateAlreadyExecutionMember: federate name in use: SocialFederate
WARN  [main] portico.lrc: MOM support is currently unsupported in IEEE-1516e federations.
WARN  [main] portico.lrc: MOM support is currently unsupported in IEEE-1516e federations.
WARN  [main] portico.lrc: MOM support is currently unsupported in IEEE-1516e federations.
WARN  [main] portico.lrc: MOM support is currently unsupported in IEEE-1516e federations.
WARN  [main] portico.lrc: MOM support is currently unsupported in IEEE-1516e federations.
WARN  [main] portico.lrc: MOM support is currently unsupported in IEEE-1516e federations.
WARN  [VERIFY_SUSPECT.TimerThread,UrbanSimFederation,Bruno-PC-42328] portico.lrc.jgroups: Detected that federate [1] may have crashed, investigating...
WARN  [main] portico.lrc: MOM support is currently unsupported in IEEE-1516e federations.
WARN  [main] portico.lrc: MOM support is currently unsupported in IEEE-1516e federations.
WARN  [main] portico.lrc: MOM support is currently unsupported in IEEE-1516e federations.
WARN  [main] portico.lrc: MOM support is currently unsupported in IEEE-1516e federations.
WARN  [main] portico.lrc: MOM support is currently unsupported in IEEE-1516e federations.
WARN  [main] portico.lrc: MOM support is currently unsupported in IEEE-1516e federations.
ERROR [main] portico.lrc.jgroups: FAILURE createFederation: already exists, name=UrbanSimFederation
ERROR [main] portico.lrc: org.portico.lrc.compat.JFederationExecutionAlreadyExists: federation exists: UrbanSimFederation
ERROR [main] portico.lrc: FAILURE Regiser sync point [ReadyToRun] by [SocialFederate]: already registered
ERROR [main] portico.lrc: FAILURE Register sync point [ReadyToRun] by [SocialFederate]: label already registered
WARN  [main] portico.lrc: MOM support is currently unsupported in IEEE-1516e federations.
WARN  [main] portico.lrc: MOM support is currently unsupported in IEEE-1516e federations.
ERROR [main] portico.lrc.jgroups: FAILURE createFederation: already exists, name=UrbanSimFederation
ERROR [main] portico.lrc: org.portico.lrc.compat.JFederationExecutionAlreadyExists: federation exists: UrbanSimFederation
WARN  [main] portico.lrc: MOM support is currently unsupported in IEEE-1516e federations.
WARN  [main] portico.lrc: MOM support is currently unsupported in IEEE-1516e federations.
WARN  [main] portico.lrc: MOM support is currently unsupported in IEEE-1516e federations.
WARN  [main] portico.lrc: MOM support is currently unsupported in IEEE-1516e federations.
ERROR [main] portico.lrc.jgroups: FAILURE createFederation: already exists, name=UrbanSimFederation
ERROR [main] portico.lrc: org.portico.lrc.compat.JFederationExecutionAlreadyExists: federation exists: UrbanSimFederation
ERROR [main] portico.lrc: FAILURE Regiser sync point [ReadyToRun] by [SocialFederate]: already registered
ERROR [main] portico.lrc: FAILURE Register sync point [ReadyToRun] by [SocialFederate]: label already registered
WARN  [main] portico.lrc: MOM support is currently unsupported in IEEE-1516e federations.
ERROR [main] portico.lrc.jgroups: FAILURE createFederation: already exists, name=UrbanSimFederation
ERROR [main] portico.lrc: org.portico.lrc.compat.JFederationExecutionAlreadyExists: federation exists: UrbanSimFederation
ERROR [main] portico.lrc: FAILURE Regiser sync point [ReadyToRun] by [SocialFederate]: already registered
ERROR [main] portico.lrc: FAILURE Register sync point [ReadyToRun] by [SocialFederate]: label already registered
WARN  [main] portico.lrc: MOM support is currently unsupported in IEEE-1516e federations.
ERROR [main] portico.lrc.jgroups: FAILURE createFederation: already exists, name=UrbanSimFederation
ERROR [main] portico.lrc: org.portico.lrc.compat.JFederationExecutionAlreadyExists: federation exists: UrbanSimFederation
ERROR [main] portico.lrc: FAILURE Regiser sync point [ReadyToRun] by [SocialFederate]: already registered
ERROR [main] portico.lrc: FAILURE Register sync point [ReadyToRun] by [SocialFederate]: label already registered
WARN  [main] portico.lrc: MOM support is currently unsupported in IEEE-1516e federations.
WARN  [main] portico.lrc: MOM support is currently unsupported in IEEE-1516e federations.
WARN  [main] portico.lrc: MOM support is currently unsupported in IEEE-1516e federations.
WARN  [main] portico.lrc: MOM support is currently unsupported in IEEE-1516e federations.
WARN  [main] portico.lrc: MOM support is currently unsupported in IEEE-1516e federations.
WARN  [main] portico.lrc: MOM support is currently unsupported in IEEE-1516e federations.
ERROR [Thread-0] portico.lrc: FAILURE Exception encountered while processing incoming message: JSONObject["handle"] not a string.
org.json.JSONException: JSONObject["handle"] not a string.
	at org.json.JSONObject.getString(JSONObject.java:661)
	at urbansim.social.SocialFederateAmbassador.receiveInteraction(SocialFederateAmbassador.java:279)
	at urbansim.social.SocialFederateAmbassador.receiveInteraction(SocialFederateAmbassador.java:252)
	at org.portico.impl.hla1516e.handlers.ReceiveInteractionCallbackHandler.process(ReceiveInteractionCallbackHandler.java:102)
	at org.portico.utils.messaging.MessageChain.process(MessageChain.java:78)
	at org.portico.utils.messaging.MessageSink.process(MessageSink.java:187)
	at org.portico.lrc.LRC.tickProcess(LRC.java:678)
	at org.portico.lrc.LRC.access$200(LRC.java:106)
	at org.portico.lrc.LRC$ImmediateCallbackDispatcher.run(LRC.java:818)
WARN  [main] portico.lrc: MOM support is currently unsupported in IEEE-1516e federations.
WARN  [main] portico.lrc: MOM support is currently unsupported in IEEE-1516e federations.
ERROR [main] portico.lrc.jgroups: FAILURE createFederation: already exists, name=UrbanSimFederation
ERROR [main] portico.lrc: org.portico.lrc.compat.JFederationExecutionAlreadyExists: federation exists: UrbanSimFederation
ERROR [main] portico.lrc: FAILURE Regiser sync point [ReadyToRun] by [SocialFederate]: already registered
ERROR [main] portico.lrc: FAILURE Register sync point [ReadyToRun] by [SocialFederate]: label already registered
